{"total": {"lines":{"total":837,"covered":159,"skipped":0,"pct":18.99},"statements":{"total":884,"covered":163,"skipped":0,"pct":18.43},"functions":{"total":247,"covered":23,"skipped":0,"pct":9.31},"branches":{"total":677,"covered":110,"skipped":0,"pct":16.24},"branchesTrue":{"total":0,"covered":0,"skipped":0,"pct":100}}
,"/Users/jodybeggs/Documents/new-crm/plant-sanctuary/src/components/layout/ClientHeader.tsx": {"lines":{"total":7,"covered":0,"skipped":0,"pct":0},"functions":{"total":2,"covered":0,"skipped":0,"pct":0},"statements":{"total":7,"covered":0,"skipped":0,"pct":0},"branches":{"total":10,"covered":0,"skipped":0,"pct":0}}
,"/Users/jodybeggs/Documents/new-crm/plant-sanctuary/src/components/layout/Footer.tsx": {"lines":{"total":14,"covered":0,"skipped":0,"pct":0},"functions":{"total":3,"covered":0,"skipped":0,"pct":0},"statements":{"total":14,"covered":0,"skipped":0,"pct":0},"branches":{"total":22,"covered":0,"skipped":0,"pct":0}}
,"/Users/jodybeggs/Documents/new-crm/plant-sanctuary/src/components/layout/FooterClient.tsx": {"lines":{"total":2,"covered":0,"skipped":0,"pct":0},"functions":{"total":2,"covered":0,"skipped":0,"pct":0},"statements":{"total":2,"covered":0,"skipped":0,"pct":0},"branches":{"total":12,"covered":0,"skipped":0,"pct":0}}
,"/Users/jodybeggs/Documents/new-crm/plant-sanctuary/src/components/layout/Header.tsx": {"lines":{"total":3,"covered":0,"skipped":0,"pct":0},"functions":{"total":2,"covered":0,"skipped":0,"pct":0},"statements":{"total":3,"covered":0,"skipped":0,"pct":0},"branches":{"total":0,"covered":0,"skipped":0,"pct":100}}
,"/Users/jodybeggs/Documents/new-crm/plant-sanctuary/src/components/layout/MobileNav.tsx": {"lines":{"total":11,"covered":0,"skipped":0,"pct":0},"functions":{"total":8,"covered":0,"skipped":0,"pct":0},"statements":{"total":11,"covered":0,"skipped":0,"pct":0},"branches":{"total":13,"covered":0,"skipped":0,"pct":0}}
,"/Users/jodybeggs/Documents/new-crm/plant-sanctuary/src/components/products/AdminActions.tsx": {"lines":{"total":9,"covered":0,"skipped":0,"pct":0},"functions":{"total":4,"covered":0,"skipped":0,"pct":0},"statements":{"total":10,"covered":0,"skipped":0,"pct":0},"branches":{"total":8,"covered":0,"skipped":0,"pct":0}}
,"/Users/jodybeggs/Documents/new-crm/plant-sanctuary/src/components/products/CategoryManager.tsx": {"lines":{"total":45,"covered":0,"skipped":0,"pct":0},"functions":{"total":8,"covered":0,"skipped":0,"pct":0},"statements":{"total":47,"covered":0,"skipped":0,"pct":0},"branches":{"total":21,"covered":0,"skipped":0,"pct":0}}
,"/Users/jodybeggs/Documents/new-crm/plant-sanctuary/src/components/products/ProductCard.tsx": {"lines":{"total":16,"covered":7,"skipped":0,"pct":43.75},"functions":{"total":2,"covered":1,"skipped":0,"pct":50},"statements":{"total":17,"covered":7,"skipped":0,"pct":41.17},"branches":{"total":33,"covered":30,"skipped":0,"pct":90.9}}
,"/Users/jodybeggs/Documents/new-crm/plant-sanctuary/src/components/products/ProductForm.tsx": {"lines":{"total":172,"covered":0,"skipped":0,"pct":0},"functions":{"total":67,"covered":0,"skipped":0,"pct":0},"statements":{"total":203,"covered":0,"skipped":0,"pct":0},"branches":{"total":257,"covered":0,"skipped":0,"pct":0}}
,"/Users/jodybeggs/Documents/new-crm/plant-sanctuary/src/components/ui/Toast.tsx": {"lines":{"total":11,"covered":10,"skipped":0,"pct":90.9},"functions":{"total":5,"covered":4,"skipped":0,"pct":80},"statements":{"total":12,"covered":11,"skipped":0,"pct":91.66},"branches":{"total":4,"covered":3,"skipped":0,"pct":75}}
,"/Users/jodybeggs/Documents/new-crm/plant-sanctuary/src/contexts/AuthContext.tsx": {"lines":{"total":114,"covered":0,"skipped":0,"pct":0},"functions":{"total":12,"covered":0,"skipped":0,"pct":0},"statements":{"total":114,"covered":0,"skipped":0,"pct":0},"branches":{"total":43,"covered":0,"skipped":0,"pct":0}}
,"/Users/jodybeggs/Documents/new-crm/plant-sanctuary/src/contexts/CartContext.tsx": {"lines":{"total":29,"covered":0,"skipped":0,"pct":0},"functions":{"total":5,"covered":0,"skipped":0,"pct":0},"statements":{"total":30,"covered":0,"skipped":0,"pct":0},"branches":{"total":12,"covered":0,"skipped":0,"pct":0}}
,"/Users/jodybeggs/Documents/new-crm/plant-sanctuary/src/contexts/ToastContext.tsx": {"lines":{"total":22,"covered":0,"skipped":0,"pct":0},"functions":{"total":12,"covered":0,"skipped":0,"pct":0},"statements":{"total":25,"covered":0,"skipped":0,"pct":0},"branches":{"total":5,"covered":0,"skipped":0,"pct":0}}
,"/Users/jodybeggs/Documents/new-crm/plant-sanctuary/src/lib/api-server.ts": {"lines":{"total":58,"covered":0,"skipped":0,"pct":0},"functions":{"total":16,"covered":0,"skipped":0,"pct":0},"statements":{"total":58,"covered":0,"skipped":0,"pct":0},"branches":{"total":44,"covered":0,"skipped":0,"pct":0}}
,"/Users/jodybeggs/Documents/new-crm/plant-sanctuary/src/lib/api.ts": {"lines":{"total":324,"covered":142,"skipped":0,"pct":43.82},"functions":{"total":99,"covered":18,"skipped":0,"pct":18.18},"statements":{"total":331,"covered":145,"skipped":0,"pct":43.8},"branches":{"total":193,"covered":77,"skipped":0,"pct":39.89}}
,"/Users/jodybeggs/Documents/new-crm/plant-sanctuary/src/lib/types.ts": {"lines":{"total":0,"covered":0,"skipped":0,"pct":0},"functions":{"total":0,"covered":0,"skipped":0,"pct":0},"statements":{"total":0,"covered":0,"skipped":0,"pct":0},"branches":{"total":0,"covered":0,"skipped":0,"pct":0}}
}
